{"/workspaces/ai-dev-tools-zoomcamp/02-coding-interview/server/index.js": {"path":"/workspaces/ai-dev-tools-zoomcamp/02-coding-interview/server/index.js","statementMap":{"0":{"start":{"line":1,"column":16},"end":{"line":1,"column":34}},"1":{"start":{"line":2,"column":13},"end":{"line":2,"column":28}},"2":{"start":{"line":3,"column":19},"end":{"line":3,"column":39}},"3":{"start":{"line":4,"column":13},"end":{"line":4,"column":28}},"4":{"start":{"line":5,"column":23},"end":{"line":5,"column":38}},"5":{"start":{"line":7,"column":12},"end":{"line":7,"column":21}},"6":{"start":{"line":8,"column":15},"end":{"line":8,"column":37}},"7":{"start":{"line":11,"column":11},"end":{"line":16,"column":2}},"8":{"start":{"line":19,"column":0},"end":{"line":19,"column":16}},"9":{"start":{"line":20,"column":0},"end":{"line":20,"column":24}},"10":{"start":{"line":24,"column":17},"end":{"line":24,"column":26}},"11":{"start":{"line":31,"column":0},"end":{"line":33,"column":3}},"12":{"start":{"line":32,"column":2},"end":{"line":32,"column":54}},"13":{"start":{"line":36,"column":0},"end":{"line":51,"column":3}},"14":{"start":{"line":37,"column":20},"end":{"line":37,"column":28}},"15":{"start":{"line":40,"column":2},"end":{"line":43,"column":5}},"16":{"start":{"line":45,"column":2},"end":{"line":45,"column":48}},"17":{"start":{"line":47,"column":2},"end":{"line":50,"column":5}},"18":{"start":{"line":54,"column":0},"end":{"line":67,"column":3}},"19":{"start":{"line":55,"column":24},"end":{"line":55,"column":34}},"20":{"start":{"line":56,"column":18},"end":{"line":56,"column":41}},"21":{"start":{"line":58,"column":2},"end":{"line":60,"column":3}},"22":{"start":{"line":59,"column":4},"end":{"line":59,"column":64}},"23":{"start":{"line":62,"column":2},"end":{"line":66,"column":5}},"24":{"start":{"line":73,"column":0},"end":{"line":138,"column":3}},"25":{"start":{"line":74,"column":2},"end":{"line":74,"column":47}},"26":{"start":{"line":77,"column":2},"end":{"line":96,"column":5}},"27":{"start":{"line":78,"column":20},"end":{"line":78,"column":43}},"28":{"start":{"line":80,"column":4},"end":{"line":83,"column":5}},"29":{"start":{"line":81,"column":6},"end":{"line":81,"column":61}},"30":{"start":{"line":82,"column":6},"end":{"line":82,"column":13}},"31":{"start":{"line":86,"column":4},"end":{"line":86,"column":27}},"32":{"start":{"line":87,"column":4},"end":{"line":87,"column":33}},"33":{"start":{"line":89,"column":4},"end":{"line":89,"column":74}},"34":{"start":{"line":92,"column":4},"end":{"line":92,"column":55}},"35":{"start":{"line":95,"column":4},"end":{"line":95,"column":71}},"36":{"start":{"line":99,"column":2},"end":{"line":112,"column":5}},"37":{"start":{"line":100,"column":20},"end":{"line":100,"column":43}},"38":{"start":{"line":102,"column":4},"end":{"line":105,"column":5}},"39":{"start":{"line":103,"column":6},"end":{"line":103,"column":61}},"40":{"start":{"line":104,"column":6},"end":{"line":104,"column":13}},"41":{"start":{"line":108,"column":4},"end":{"line":108,"column":24}},"42":{"start":{"line":111,"column":4},"end":{"line":111,"column":55}},"43":{"start":{"line":115,"column":2},"end":{"line":137,"column":5}},"44":{"start":{"line":116,"column":4},"end":{"line":116,"column":52}},"45":{"start":{"line":119,"column":4},"end":{"line":136,"column":7}},"46":{"start":{"line":120,"column":6},"end":{"line":135,"column":7}},"47":{"start":{"line":121,"column":8},"end":{"line":121,"column":40}},"48":{"start":{"line":124,"column":8},"end":{"line":124,"column":75}},"49":{"start":{"line":127,"column":8},"end":{"line":134,"column":9}},"50":{"start":{"line":128,"column":10},"end":{"line":133,"column":22}},"51":{"start":{"line":129,"column":12},"end":{"line":132,"column":13}},"52":{"start":{"line":130,"column":14},"end":{"line":130,"column":41}},"53":{"start":{"line":131,"column":14},"end":{"line":131,"column":60}},"54":{"start":{"line":141,"column":13},"end":{"line":141,"column":37}},"55":{"start":{"line":142,"column":0},"end":{"line":145,"column":3}},"56":{"start":{"line":143,"column":2},"end":{"line":143,"column":61}},"57":{"start":{"line":144,"column":2},"end":{"line":144,"column":41}}},"fnMap":{"0":{"name":"(anonymous_0)","decl":{"start":{"line":31,"column":23},"end":{"line":31,"column":24}},"loc":{"start":{"line":31,"column":37},"end":{"line":33,"column":1}},"line":31},"1":{"name":"(anonymous_1)","decl":{"start":{"line":36,"column":26},"end":{"line":36,"column":27}},"loc":{"start":{"line":36,"column":40},"end":{"line":51,"column":1}},"line":36},"2":{"name":"(anonymous_2)","decl":{"start":{"line":54,"column":36},"end":{"line":54,"column":37}},"loc":{"start":{"line":54,"column":50},"end":{"line":67,"column":1}},"line":54},"3":{"name":"(anonymous_3)","decl":{"start":{"line":73,"column":20},"end":{"line":73,"column":21}},"loc":{"start":{"line":73,"column":32},"end":{"line":138,"column":1}},"line":73},"4":{"name":"(anonymous_4)","decl":{"start":{"line":77,"column":28},"end":{"line":77,"column":29}},"loc":{"start":{"line":77,"column":43},"end":{"line":96,"column":3}},"line":77},"5":{"name":"(anonymous_5)","decl":{"start":{"line":99,"column":27},"end":{"line":99,"column":28}},"loc":{"start":{"line":99,"column":52},"end":{"line":112,"column":3}},"line":99},"6":{"name":"(anonymous_6)","decl":{"start":{"line":115,"column":26},"end":{"line":115,"column":27}},"loc":{"start":{"line":115,"column":32},"end":{"line":137,"column":3}},"line":115},"7":{"name":"(anonymous_7)","decl":{"start":{"line":119,"column":21},"end":{"line":119,"column":22}},"loc":{"start":{"line":119,"column":45},"end":{"line":136,"column":5}},"line":119},"8":{"name":"(anonymous_8)","decl":{"start":{"line":128,"column":21},"end":{"line":128,"column":22}},"loc":{"start":{"line":128,"column":27},"end":{"line":133,"column":11}},"line":128},"9":{"name":"(anonymous_9)","decl":{"start":{"line":142,"column":20},"end":{"line":142,"column":21}},"loc":{"start":{"line":142,"column":26},"end":{"line":145,"column":1}},"line":142}},"branchMap":{"0":{"loc":{"start":{"line":58,"column":2},"end":{"line":60,"column":3}},"type":"if","locations":[{"start":{"line":58,"column":2},"end":{"line":60,"column":3}},{"start":{},"end":{}}],"line":58},"1":{"loc":{"start":{"line":80,"column":4},"end":{"line":83,"column":5}},"type":"if","locations":[{"start":{"line":80,"column":4},"end":{"line":83,"column":5}},{"start":{},"end":{}}],"line":80},"2":{"loc":{"start":{"line":102,"column":4},"end":{"line":105,"column":5}},"type":"if","locations":[{"start":{"line":102,"column":4},"end":{"line":105,"column":5}},{"start":{},"end":{}}],"line":102},"3":{"loc":{"start":{"line":120,"column":6},"end":{"line":135,"column":7}},"type":"if","locations":[{"start":{"line":120,"column":6},"end":{"line":135,"column":7}},{"start":{},"end":{}}],"line":120},"4":{"loc":{"start":{"line":127,"column":8},"end":{"line":134,"column":9}},"type":"if","locations":[{"start":{"line":127,"column":8},"end":{"line":134,"column":9}},{"start":{},"end":{}}],"line":127},"5":{"loc":{"start":{"line":129,"column":12},"end":{"line":132,"column":13}},"type":"if","locations":[{"start":{"line":129,"column":12},"end":{"line":132,"column":13}},{"start":{},"end":{}}],"line":129},"6":{"loc":{"start":{"line":141,"column":13},"end":{"line":141,"column":37}},"type":"binary-expr","locations":[{"start":{"line":141,"column":13},"end":{"line":141,"column":29}},{"start":{"line":141,"column":33},"end":{"line":141,"column":37}}],"line":141}},"s":{"0":0,"1":0,"2":0,"3":0,"4":0,"5":0,"6":0,"7":0,"8":0,"9":0,"10":0,"11":0,"12":0,"13":0,"14":0,"15":0,"16":0,"17":0,"18":0,"19":0,"20":0,"21":0,"22":0,"23":0,"24":0,"25":0,"26":0,"27":0,"28":0,"29":0,"30":0,"31":0,"32":0,"33":0,"34":0,"35":0,"36":0,"37":0,"38":0,"39":0,"40":0,"41":0,"42":0,"43":0,"44":0,"45":0,"46":0,"47":0,"48":0,"49":0,"50":0,"51":0,"52":0,"53":0,"54":0,"55":0,"56":0,"57":0},"f":{"0":0,"1":0,"2":0,"3":0,"4":0,"5":0,"6":0,"7":0,"8":0,"9":0},"b":{"0":[0,0],"1":[0,0],"2":[0,0],"3":[0,0],"4":[0,0],"5":[0,0],"6":[0,0]}}
,"/workspaces/ai-dev-tools-zoomcamp/02-coding-interview/server/jest.config.js": {"path":"/workspaces/ai-dev-tools-zoomcamp/02-coding-interview/server/jest.config.js","statementMap":{"0":{"start":{"line":1,"column":0},"end":{"line":7,"column":2}}},"fnMap":{},"branchMap":{},"s":{"0":0},"f":{},"b":{}}
}
