TN:
SF:index.js
FN:31,(anonymous_0)
FN:36,(anonymous_1)
FN:54,(anonymous_2)
FN:73,(anonymous_3)
FN:77,(anonymous_4)
FN:99,(anonymous_5)
FN:115,(anonymous_6)
FN:119,(anonymous_7)
FN:128,(anonymous_8)
FN:142,(anonymous_9)
FNF:10
FNH:0
FNDA:0,(anonymous_0)
FNDA:0,(anonymous_1)
FNDA:0,(anonymous_2)
FNDA:0,(anonymous_3)
FNDA:0,(anonymous_4)
FNDA:0,(anonymous_5)
FNDA:0,(anonymous_6)
FNDA:0,(anonymous_7)
FNDA:0,(anonymous_8)
FNDA:0,(anonymous_9)
DA:1,0
DA:2,0
DA:3,0
DA:4,0
DA:5,0
DA:7,0
DA:8,0
DA:11,0
DA:19,0
DA:20,0
DA:24,0
DA:31,0
DA:32,0
DA:36,0
DA:37,0
DA:40,0
DA:45,0
DA:47,0
DA:54,0
DA:55,0
DA:56,0
DA:58,0
DA:59,0
DA:62,0
DA:73,0
DA:74,0
DA:77,0
DA:78,0
DA:80,0
DA:81,0
DA:82,0
DA:86,0
DA:87,0
DA:89,0
DA:92,0
DA:95,0
DA:99,0
DA:100,0
DA:102,0
DA:103,0
DA:104,0
DA:108,0
DA:111,0
DA:115,0
DA:116,0
DA:119,0
DA:120,0
DA:121,0
DA:124,0
DA:127,0
DA:128,0
DA:129,0
DA:130,0
DA:131,0
DA:141,0
DA:142,0
DA:143,0
DA:144,0
LF:58
LH:0
BRDA:58,0,0,0
BRDA:58,0,1,0
BRDA:80,1,0,0
BRDA:80,1,1,0
BRDA:102,2,0,0
BRDA:102,2,1,0
BRDA:120,3,0,0
BRDA:120,3,1,0
BRDA:127,4,0,0
BRDA:127,4,1,0
BRDA:129,5,0,0
BRDA:129,5,1,0
BRDA:141,6,0,0
BRDA:141,6,1,0
BRF:14
BRH:0
end_of_record
TN:
SF:jest.config.js
FNF:0
FNH:0
DA:1,0
LF:1
LH:0
BRF:0
BRH:0
end_of_record
